<?xml version="1.0" encoding="UTF-8"?>
<coverage generated="1577272057959" clover="3.2.0">
  <project timestamp="1577272057959" name="All files">
    <metrics statements="24" coveredstatements="22" conditionals="19" coveredconditionals="12" methods="4" coveredmethods="4" elements="47" coveredelements="38" complexity="0" loc="24" ncloc="24" packages="1" files="2" classes="2"/>
    <file name="constants.js" path="/Users/chucng/Documents/react-native/CalculatorProject/src/constants.js">
      <metrics statements="16" coveredstatements="14" conditionals="8" coveredconditionals="5" methods="3" coveredmethods="3"/>
      <line num="1" count="2" type="stmt"/>
      <line num="5" count="2" type="stmt"/>
      <line num="19" count="2" type="stmt"/>
      <line num="20" count="2" type="stmt"/>
      <line num="26" count="2" type="stmt"/>
      <line num="27" count="2" type="cond" truecount="2" falsecount="2"/>
      <line num="28" count="0" type="stmt"/>
      <line num="30" count="2" type="stmt"/>
      <line num="33" count="2" type="stmt"/>
      <line num="34" count="14" type="stmt"/>
      <line num="37" count="14" type="cond" truecount="1" falsecount="1"/>
      <line num="38" count="0" type="stmt"/>
      <line num="40" count="14" type="cond" truecount="2" falsecount="0"/>
      <line num="41" count="4" type="stmt"/>
      <line num="42" count="3" type="stmt"/>
      <line num="45" count="10" type="stmt"/>
    </file>
    <file name="reducer.js" path="/Users/chucng/Documents/react-native/CalculatorProject/src/reducer.js">
      <metrics statements="8" coveredstatements="8" conditionals="11" coveredconditionals="7" methods="1" coveredmethods="1"/>
      <line num="2" count="1" type="stmt"/>
      <line num="7" count="5" type="cond" truecount="4" falsecount="0"/>
      <line num="9" count="2" type="stmt"/>
      <line num="10" count="2" type="stmt"/>
      <line num="11" count="2" type="stmt"/>
      <line num="17" count="1" type="stmt"/>
      <line num="24" count="1" type="stmt"/>
      <line num="30" count="1" type="stmt"/>
    </file>
  </project>
</coverage>
