<?xml version="1.0" encoding="UTF-8"?>
<coverage generated="1577352912255" clover="3.2.0">
  <project timestamp="1577352912255" name="All files">
    <metrics statements="45" coveredstatements="44" conditionals="30" coveredconditionals="25" methods="13" coveredmethods="11" elements="88" coveredelements="80" complexity="0" loc="45" ncloc="45" packages="2" files="5" classes="5"/>
    <package name="src">
      <metrics statements="37" coveredstatements="36" conditionals="30" coveredconditionals="25" methods="9" coveredmethods="9"/>
      <file name="actions.js" path="/Users/chucng/Documents/react-native/CalculatorProject/src/actions.js">
        <metrics statements="11" coveredstatements="11" conditionals="3" coveredconditionals="3" methods="5" coveredmethods="5"/>
        <line num="3" count="3" type="stmt"/>
        <line num="4" count="3" type="cond" truecount="3" falsecount="0"/>
        <line num="6" count="1" type="stmt"/>
        <line num="7" count="1" type="stmt"/>
        <line num="9" count="1" type="stmt"/>
        <line num="10" count="1" type="stmt"/>
        <line num="12" count="1" type="stmt"/>
        <line num="13" count="1" type="stmt"/>
        <line num="17" count="3" type="stmt"/>
        <line num="22" count="3" type="stmt"/>
        <line num="26" count="3" type="stmt"/>
      </file>
      <file name="constants.js" path="/Users/chucng/Documents/react-native/CalculatorProject/src/constants.js">
        <metrics statements="18" coveredstatements="17" conditionals="16" coveredconditionals="14" methods="3" coveredmethods="3"/>
        <line num="1" count="4" type="stmt"/>
        <line num="5" count="4" type="stmt"/>
        <line num="11" count="4" type="stmt"/>
        <line num="12" count="4" type="stmt"/>
        <line num="18" count="4" type="stmt"/>
        <line num="19" count="6" type="cond" truecount="4" falsecount="0"/>
        <line num="20" count="1" type="stmt"/>
        <line num="23" count="6" type="cond" truecount="4" falsecount="0"/>
        <line num="24" count="3" type="stmt"/>
        <line num="27" count="3" type="cond" truecount="3" falsecount="1"/>
        <line num="30" count="4" type="stmt"/>
        <line num="31" count="16" type="stmt"/>
        <line num="34" count="16" type="cond" truecount="1" falsecount="1"/>
        <line num="35" count="0" type="stmt"/>
        <line num="37" count="16" type="cond" truecount="2" falsecount="0"/>
        <line num="38" count="3" type="stmt"/>
        <line num="39" count="3" type="stmt"/>
        <line num="42" count="13" type="stmt"/>
      </file>
      <file name="reducer.js" path="/Users/chucng/Documents/react-native/CalculatorProject/src/reducer.js">
        <metrics statements="8" coveredstatements="8" conditionals="11" coveredconditionals="8" methods="1" coveredmethods="1"/>
        <line num="2" count="1" type="stmt"/>
        <line num="7" count="7" type="cond" truecount="4" falsecount="0"/>
        <line num="9" count="4" type="stmt"/>
        <line num="14" count="4" type="stmt"/>
        <line num="15" count="4" type="stmt"/>
        <line num="21" count="1" type="stmt"/>
        <line num="28" count="1" type="stmt"/>
        <line num="34" count="1" type="stmt"/>
      </file>
    </package>
    <package name="src.components">
      <metrics statements="8" coveredstatements="8" conditionals="0" coveredconditionals="0" methods="4" coveredmethods="2"/>
      <file name="Button.js" path="/Users/chucng/Documents/react-native/CalculatorProject/src/components/Button.js">
        <metrics statements="6" coveredstatements="6" conditionals="0" coveredconditionals="0" methods="3" coveredmethods="1"/>
        <line num="7" count="1" type="stmt"/>
        <line num="8" count="2" type="stmt"/>
        <line num="10" count="2" type="stmt"/>
        <line num="12" count="2" type="stmt"/>
        <line num="19" count="1" type="stmt"/>
        <line num="22" count="1" type="stmt"/>
      </file>
      <file name="styles.js" path="/Users/chucng/Documents/react-native/CalculatorProject/src/components/styles.js">
        <metrics statements="2" coveredstatements="2" conditionals="0" coveredconditionals="0" methods="1" coveredmethods="1"/>
        <line num="4" count="1" type="stmt"/>
        <line num="5" count="2" type="stmt"/>
      </file>
    </package>
  </project>
</coverage>
