{"/Users/chucng/Documents/react-native/CalculatorProject/src/actions.js": {"path":"/Users/chucng/Documents/react-native/CalculatorProject/src/actions.js","statementMap":{"0":{"start":{"line":3,"column":31},"end":{"line":15,"column":1}},"1":{"start":{"line":3,"column":40},"end":{"line":15,"column":1}},"2":{"start":{"line":4,"column":2},"end":{"line":14,"column":3}},"3":{"start":{"line":6,"column":6},"end":{"line":6,"column":24}},"4":{"start":{"line":7,"column":6},"end":{"line":7,"column":12}},"5":{"start":{"line":9,"column":6},"end":{"line":9,"column":28}},"6":{"start":{"line":10,"column":6},"end":{"line":10,"column":12}},"7":{"start":{"line":12,"column":6},"end":{"line":12,"column":33}},"8":{"start":{"line":13,"column":6},"end":{"line":13,"column":12}},"9":{"start":{"line":17,"column":25},"end":{"line":20,"column":2}},"10":{"start":{"line":17,"column":34},"end":{"line":20,"column":1}},"11":{"start":{"line":22,"column":21},"end":{"line":24,"column":2}},"12":{"start":{"line":22,"column":28},"end":{"line":24,"column":1}},"13":{"start":{"line":26,"column":25},"end":{"line":28,"column":2}},"14":{"start":{"line":26,"column":32},"end":{"line":28,"column":1}}},"fnMap":{"0":{"name":"(anonymous_0)","decl":{"start":{"line":3,"column":31},"end":{"line":3,"column":32}},"loc":{"start":{"line":3,"column":40},"end":{"line":15,"column":1}},"line":3},"1":{"name":"(anonymous_1)","decl":{"start":{"line":3,"column":40},"end":{"line":3,"column":41}},"loc":{"start":{"line":3,"column":52},"end":{"line":15,"column":1}},"line":3},"2":{"name":"(anonymous_2)","decl":{"start":{"line":17,"column":25},"end":{"line":17,"column":26}},"loc":{"start":{"line":17,"column":34},"end":{"line":20,"column":1}},"line":17},"3":{"name":"(anonymous_3)","decl":{"start":{"line":22,"column":21},"end":{"line":22,"column":22}},"loc":{"start":{"line":22,"column":28},"end":{"line":24,"column":1}},"line":22},"4":{"name":"(anonymous_4)","decl":{"start":{"line":26,"column":25},"end":{"line":26,"column":26}},"loc":{"start":{"line":26,"column":32},"end":{"line":28,"column":1}},"line":26}},"branchMap":{"0":{"loc":{"start":{"line":4,"column":2},"end":{"line":14,"column":3}},"type":"switch","locations":[{"start":{"line":5,"column":4},"end":{"line":7,"column":12}},{"start":{"line":8,"column":4},"end":{"line":10,"column":12}},{"start":{"line":11,"column":4},"end":{"line":13,"column":12}}],"line":4}},"s":{"0":2,"1":3,"2":3,"3":1,"4":1,"5":1,"6":1,"7":1,"8":1,"9":2,"10":3,"11":2,"12":3,"13":2,"14":3},"f":{"0":3,"1":3,"2":3,"3":3,"4":3},"b":{"0":[1,1,1]},"_coverageSchema":"43e27e138ebf9cfc5966b082cf9a028302ed4184","hash":"8ff4f139d120b7b952c4e5c0b59302fe3d540ed1"}
,"/Users/chucng/Documents/react-native/CalculatorProject/src/constants.js": {"path":"/Users/chucng/Documents/react-native/CalculatorProject/src/constants.js","statementMap":{"0":{"start":{"line":1,"column":22},"end":{"line":4,"column":1}},"1":{"start":{"line":5,"column":26},"end":{"line":10,"column":1}},"2":{"start":{"line":11,"column":27},"end":{"line":11,"column":52}},"3":{"start":{"line":12,"column":21},"end":{"line":16,"column":1}},"4":{"start":{"line":18,"column":34},"end":{"line":28,"column":1}},"5":{"start":{"line":19,"column":2},"end":{"line":21,"column":3}},"6":{"start":{"line":20,"column":4},"end":{"line":20,"column":60}},"7":{"start":{"line":23,"column":2},"end":{"line":25,"column":3}},"8":{"start":{"line":24,"column":4},"end":{"line":24,"column":29}},"9":{"start":{"line":27,"column":2},"end":{"line":27,"column":68}},"10":{"start":{"line":30,"column":30},"end":{"line":43,"column":1}},"11":{"start":{"line":31,"column":18},"end":{"line":33,"column":20}},"12":{"start":{"line":34,"column":2},"end":{"line":36,"column":3}},"13":{"start":{"line":35,"column":4},"end":{"line":35,"column":13}},"14":{"start":{"line":37,"column":2},"end":{"line":41,"column":3}},"15":{"start":{"line":38,"column":4},"end":{"line":40,"column":6}},"16":{"start":{"line":39,"column":6},"end":{"line":39,"column":76}},"17":{"start":{"line":42,"column":2},"end":{"line":42,"column":26}}},"fnMap":{"0":{"name":"(anonymous_0)","decl":{"start":{"line":18,"column":34},"end":{"line":18,"column":35}},"loc":{"start":{"line":18,"column":63},"end":{"line":28,"column":1}},"line":18},"1":{"name":"(anonymous_1)","decl":{"start":{"line":30,"column":30},"end":{"line":30,"column":31}},"loc":{"start":{"line":30,"column":44},"end":{"line":43,"column":1}},"line":30},"2":{"name":"(anonymous_2)","decl":{"start":{"line":38,"column":11},"end":{"line":38,"column":12}},"loc":{"start":{"line":38,"column":17},"end":{"line":40,"column":5}},"line":38}},"branchMap":{"0":{"loc":{"start":{"line":19,"column":2},"end":{"line":21,"column":3}},"type":"if","locations":[{"start":{"line":19,"column":2},"end":{"line":21,"column":3}},{"start":{"line":19,"column":2},"end":{"line":21,"column":3}}],"line":19},"1":{"loc":{"start":{"line":19,"column":6},"end":{"line":19,"column":62}},"type":"binary-expr","locations":[{"start":{"line":19,"column":6},"end":{"line":19,"column":38}},{"start":{"line":19,"column":42},"end":{"line":19,"column":62}}],"line":19},"2":{"loc":{"start":{"line":23,"column":2},"end":{"line":25,"column":3}},"type":"if","locations":[{"start":{"line":23,"column":2},"end":{"line":25,"column":3}},{"start":{"line":23,"column":2},"end":{"line":25,"column":3}}],"line":23},"3":{"loc":{"start":{"line":23,"column":6},"end":{"line":23,"column":56}},"type":"binary-expr","locations":[{"start":{"line":23,"column":6},"end":{"line":23,"column":41}},{"start":{"line":23,"column":45},"end":{"line":23,"column":56}}],"line":23},"4":{"loc":{"start":{"line":27,"column":12},"end":{"line":27,"column":45}},"type":"cond-expr","locations":[{"start":{"line":27,"column":35},"end":{"line":27,"column":40}},{"start":{"line":27,"column":43},"end":{"line":27,"column":45}}],"line":27},"5":{"loc":{"start":{"line":27,"column":12},"end":{"line":27,"column":32}},"type":"binary-expr","locations":[{"start":{"line":27,"column":12},"end":{"line":27,"column":23}},{"start":{"line":27,"column":27},"end":{"line":27,"column":32}}],"line":27},"6":{"loc":{"start":{"line":34,"column":2},"end":{"line":36,"column":3}},"type":"if","locations":[{"start":{"line":34,"column":2},"end":{"line":36,"column":3}},{"start":{"line":34,"column":2},"end":{"line":36,"column":3}}],"line":34},"7":{"loc":{"start":{"line":37,"column":2},"end":{"line":41,"column":3}},"type":"if","locations":[{"start":{"line":37,"column":2},"end":{"line":41,"column":3}},{"start":{"line":37,"column":2},"end":{"line":41,"column":3}}],"line":37}},"s":{"0":4,"1":4,"2":4,"3":4,"4":4,"5":6,"6":1,"7":6,"8":3,"9":3,"10":4,"11":16,"12":16,"13":0,"14":16,"15":3,"16":3,"17":13},"f":{"0":6,"1":16,"2":3},"b":{"0":[1,5],"1":[6,2],"2":[3,3],"3":[6,4],"4":[0,3],"5":[3,1],"6":[0,16],"7":[3,13]},"_coverageSchema":"43e27e138ebf9cfc5966b082cf9a028302ed4184","hash":"0bcf3eadde6d77cde46953bb979e7e9ef0182455"}
,"/Users/chucng/Documents/react-native/CalculatorProject/src/reducer.js": {"path":"/Users/chucng/Documents/react-native/CalculatorProject/src/reducer.js","statementMap":{"0":{"start":{"line":2,"column":21},"end":{"line":5,"column":1}},"1":{"start":{"line":7,"column":2},"end":{"line":35,"column":3}},"2":{"start":{"line":9,"column":23},"end":{"line":13,"column":7}},"3":{"start":{"line":14,"column":19},"end":{"line":14,"column":45}},"4":{"start":{"line":15,"column":6},"end":{"line":19,"column":8}},"5":{"start":{"line":21,"column":6},"end":{"line":26,"column":8}},"6":{"start":{"line":28,"column":6},"end":{"line":32,"column":8}},"7":{"start":{"line":34,"column":6},"end":{"line":34,"column":19}}},"fnMap":{"0":{"name":"(anonymous_0)","decl":{"start":{"line":6,"column":15},"end":{"line":6,"column":16}},"loc":{"start":{"line":6,"column":59},"end":{"line":36,"column":1}},"line":6}},"branchMap":{"0":{"loc":{"start":{"line":6,"column":24},"end":{"line":6,"column":44}},"type":"default-arg","locations":[{"start":{"line":6,"column":32},"end":{"line":6,"column":44}}],"line":6},"1":{"loc":{"start":{"line":6,"column":46},"end":{"line":6,"column":57}},"type":"default-arg","locations":[{"start":{"line":6,"column":55},"end":{"line":6,"column":57}}],"line":6},"2":{"loc":{"start":{"line":7,"column":2},"end":{"line":35,"column":3}},"type":"switch","locations":[{"start":{"line":8,"column":4},"end":{"line":19,"column":8}},{"start":{"line":20,"column":4},"end":{"line":26,"column":8}},{"start":{"line":27,"column":4},"end":{"line":32,"column":8}},{"start":{"line":33,"column":4},"end":{"line":34,"column":19}}],"line":7},"3":{"loc":{"start":{"line":18,"column":15},"end":{"line":18,"column":36}},"type":"binary-expr","locations":[{"start":{"line":18,"column":15},"end":{"line":18,"column":21}},{"start":{"line":18,"column":25},"end":{"line":18,"column":36}}],"line":18},"4":{"loc":{"start":{"line":25,"column":10},"end":{"line":25,"column":77}},"type":"binary-expr","locations":[{"start":{"line":25,"column":10},"end":{"line":25,"column":42}},{"start":{"line":25,"column":46},"end":{"line":25,"column":62}},{"start":{"line":25,"column":66},"end":{"line":25,"column":77}}],"line":25}},"s":{"0":1,"1":7,"2":4,"3":4,"4":4,"5":1,"6":1,"7":1},"f":{"0":7},"b":{"0":[5],"1":[0],"2":[4,1,1,1],"3":[4,3],"4":[1,0,0]},"_coverageSchema":"43e27e138ebf9cfc5966b082cf9a028302ed4184","hash":"0ca89143ecef872c492106007052e134bbc20cd6"}
,"/Users/chucng/Documents/react-native/CalculatorProject/src/components/Button.js": {"path":"/Users/chucng/Documents/react-native/CalculatorProject/src/components/Button.js","statementMap":{"0":{"start":{"line":7,"column":22},"end":{"line":17,"column":1}},"1":{"start":{"line":8,"column":2},"end":{"line":8,"column":32}},"2":{"start":{"line":10,"column":18},"end":{"line":10,"column":46}},"3":{"start":{"line":10,"column":24},"end":{"line":10,"column":46}},"4":{"start":{"line":12,"column":2},"end":{"line":16,"column":4}},"5":{"start":{"line":19,"column":27},"end":{"line":21,"column":1}},"6":{"start":{"line":22,"column":23},"end":{"line":22,"column":41}}},"fnMap":{"0":{"name":"(anonymous_0)","decl":{"start":{"line":7,"column":22},"end":{"line":7,"column":23}},"loc":{"start":{"line":7,"column":61},"end":{"line":17,"column":1}},"line":7},"1":{"name":"(anonymous_1)","decl":{"start":{"line":8,"column":18},"end":{"line":8,"column":19}},"loc":{"start":{"line":8,"column":24},"end":{"line":8,"column":26}},"line":8},"2":{"name":"(anonymous_2)","decl":{"start":{"line":10,"column":18},"end":{"line":10,"column":19}},"loc":{"start":{"line":10,"column":24},"end":{"line":10,"column":46}},"line":10}},"branchMap":{},"s":{"0":1,"1":2,"2":2,"3":0,"4":2,"5":1,"6":1},"f":{"0":2,"1":0,"2":0},"b":{},"_coverageSchema":"43e27e138ebf9cfc5966b082cf9a028302ed4184","hash":"08e14844464902f76f664f6a03ee09557e566936"}
,"/Users/chucng/Documents/react-native/CalculatorProject/src/components/styles.js": {"path":"/Users/chucng/Documents/react-native/CalculatorProject/src/components/styles.js","statementMap":{"0":{"start":{"line":4,"column":18},"end":{"line":4,"column":48}},"1":{"start":{"line":5,"column":25},"end":{"line":5,"column":59}},"2":{"start":{"line":5,"column":33},"end":{"line":5,"column":59}}},"fnMap":{"0":{"name":"(anonymous_0)","decl":{"start":{"line":5,"column":25},"end":{"line":5,"column":26}},"loc":{"start":{"line":5,"column":33},"end":{"line":5,"column":59}},"line":5}},"branchMap":{},"s":{"0":1,"1":1,"2":2},"f":{"0":2},"b":{},"_coverageSchema":"43e27e138ebf9cfc5966b082cf9a028302ed4184","hash":"018ee5037a47bee9a270fe5602fad69495f200d3"}
}
