{"/Users/chucng/Documents/react-native/CalculatorProject/src/constants.js": {"path":"/Users/chucng/Documents/react-native/CalculatorProject/src/constants.js","statementMap":{"0":{"start":{"line":1,"column":22},"end":{"line":4,"column":1}},"1":{"start":{"line":5,"column":26},"end":{"line":18,"column":1}},"2":{"start":{"line":19,"column":27},"end":{"line":19,"column":52}},"3":{"start":{"line":20,"column":21},"end":{"line":24,"column":1}},"4":{"start":{"line":26,"column":34},"end":{"line":31,"column":1}},"5":{"start":{"line":27,"column":2},"end":{"line":29,"column":3}},"6":{"start":{"line":28,"column":4},"end":{"line":28,"column":60}},"7":{"start":{"line":30,"column":2},"end":{"line":30,"column":32}},"8":{"start":{"line":33,"column":30},"end":{"line":46,"column":1}},"9":{"start":{"line":34,"column":18},"end":{"line":36,"column":20}},"10":{"start":{"line":37,"column":2},"end":{"line":39,"column":3}},"11":{"start":{"line":38,"column":4},"end":{"line":38,"column":13}},"12":{"start":{"line":40,"column":2},"end":{"line":44,"column":3}},"13":{"start":{"line":41,"column":4},"end":{"line":43,"column":6}},"14":{"start":{"line":42,"column":6},"end":{"line":42,"column":76}},"15":{"start":{"line":45,"column":2},"end":{"line":45,"column":26}}},"fnMap":{"0":{"name":"(anonymous_0)","decl":{"start":{"line":26,"column":34},"end":{"line":26,"column":35}},"loc":{"start":{"line":26,"column":56},"end":{"line":31,"column":1}},"line":26},"1":{"name":"(anonymous_1)","decl":{"start":{"line":33,"column":30},"end":{"line":33,"column":31}},"loc":{"start":{"line":33,"column":44},"end":{"line":46,"column":1}},"line":33},"2":{"name":"(anonymous_2)","decl":{"start":{"line":41,"column":11},"end":{"line":41,"column":12}},"loc":{"start":{"line":41,"column":17},"end":{"line":43,"column":5}},"line":41}},"branchMap":{"0":{"loc":{"start":{"line":27,"column":2},"end":{"line":29,"column":3}},"type":"if","locations":[{"start":{"line":27,"column":2},"end":{"line":29,"column":3}},{"start":{"line":27,"column":2},"end":{"line":29,"column":3}}],"line":27},"1":{"loc":{"start":{"line":27,"column":6},"end":{"line":27,"column":62}},"type":"binary-expr","locations":[{"start":{"line":27,"column":6},"end":{"line":27,"column":38}},{"start":{"line":27,"column":42},"end":{"line":27,"column":62}}],"line":27},"2":{"loc":{"start":{"line":37,"column":2},"end":{"line":39,"column":3}},"type":"if","locations":[{"start":{"line":37,"column":2},"end":{"line":39,"column":3}},{"start":{"line":37,"column":2},"end":{"line":39,"column":3}}],"line":37},"3":{"loc":{"start":{"line":40,"column":2},"end":{"line":44,"column":3}},"type":"if","locations":[{"start":{"line":40,"column":2},"end":{"line":44,"column":3}},{"start":{"line":40,"column":2},"end":{"line":44,"column":3}}],"line":40}},"s":{"0":2,"1":2,"2":2,"3":2,"4":2,"5":2,"6":0,"7":2,"8":2,"9":14,"10":14,"11":0,"12":14,"13":4,"14":3,"15":10},"f":{"0":2,"1":14,"2":3},"b":{"0":[0,2],"1":[2,0],"2":[0,14],"3":[4,10]},"_coverageSchema":"43e27e138ebf9cfc5966b082cf9a028302ed4184","hash":"11334e7195dd061e5a7d0a7c250c6c52cfcd985e"}
,"/Users/chucng/Documents/react-native/CalculatorProject/src/reducer.js": {"path":"/Users/chucng/Documents/react-native/CalculatorProject/src/reducer.js","statementMap":{"0":{"start":{"line":2,"column":21},"end":{"line":5,"column":1}},"1":{"start":{"line":7,"column":2},"end":{"line":31,"column":3}},"2":{"start":{"line":9,"column":23},"end":{"line":9,"column":72}},"3":{"start":{"line":10,"column":19},"end":{"line":10,"column":45}},"4":{"start":{"line":11,"column":6},"end":{"line":15,"column":8}},"5":{"start":{"line":17,"column":6},"end":{"line":22,"column":8}},"6":{"start":{"line":24,"column":6},"end":{"line":28,"column":8}},"7":{"start":{"line":30,"column":6},"end":{"line":30,"column":19}}},"fnMap":{"0":{"name":"(anonymous_0)","decl":{"start":{"line":6,"column":15},"end":{"line":6,"column":16}},"loc":{"start":{"line":6,"column":59},"end":{"line":32,"column":1}},"line":6}},"branchMap":{"0":{"loc":{"start":{"line":6,"column":24},"end":{"line":6,"column":44}},"type":"default-arg","locations":[{"start":{"line":6,"column":32},"end":{"line":6,"column":44}}],"line":6},"1":{"loc":{"start":{"line":6,"column":46},"end":{"line":6,"column":57}},"type":"default-arg","locations":[{"start":{"line":6,"column":55},"end":{"line":6,"column":57}}],"line":6},"2":{"loc":{"start":{"line":7,"column":2},"end":{"line":31,"column":3}},"type":"switch","locations":[{"start":{"line":8,"column":4},"end":{"line":15,"column":8}},{"start":{"line":16,"column":4},"end":{"line":22,"column":8}},{"start":{"line":23,"column":4},"end":{"line":28,"column":8}},{"start":{"line":29,"column":4},"end":{"line":30,"column":19}}],"line":7},"3":{"loc":{"start":{"line":14,"column":15},"end":{"line":14,"column":36}},"type":"binary-expr","locations":[{"start":{"line":14,"column":15},"end":{"line":14,"column":21}},{"start":{"line":14,"column":25},"end":{"line":14,"column":36}}],"line":14},"4":{"loc":{"start":{"line":21,"column":10},"end":{"line":21,"column":77}},"type":"binary-expr","locations":[{"start":{"line":21,"column":10},"end":{"line":21,"column":42}},{"start":{"line":21,"column":46},"end":{"line":21,"column":62}},{"start":{"line":21,"column":66},"end":{"line":21,"column":77}}],"line":21}},"s":{"0":1,"1":5,"2":2,"3":2,"4":2,"5":1,"6":1,"7":1},"f":{"0":5},"b":{"0":[3],"1":[0],"2":[2,1,1,1],"3":[2,0],"4":[1,0,0]},"_coverageSchema":"43e27e138ebf9cfc5966b082cf9a028302ed4184","hash":"c780f21de5d2e865e269e146715e2d19c6d13900"}
}
