TN:
SF:/Users/chucng/Documents/react-native/CalculatorProject/src/actions.js
FN:3,(anonymous_0)
FN:3,(anonymous_1)
FN:17,(anonymous_2)
FN:22,(anonymous_3)
FN:26,(anonymous_4)
FNF:5
FNH:5
FNDA:3,(anonymous_0)
FNDA:3,(anonymous_1)
FNDA:3,(anonymous_2)
FNDA:3,(anonymous_3)
FNDA:3,(anonymous_4)
DA:3,3
DA:4,3
DA:6,1
DA:7,1
DA:9,1
DA:10,1
DA:12,1
DA:13,1
DA:17,3
DA:22,3
DA:26,3
LF:11
LH:11
BRDA:4,0,0,1
BRDA:4,0,1,1
BRDA:4,0,2,1
BRF:3
BRH:3
end_of_record
TN:
SF:/Users/chucng/Documents/react-native/CalculatorProject/src/constants.js
FN:18,(anonymous_0)
FN:30,(anonymous_1)
FN:38,(anonymous_2)
FNF:3
FNH:3
FNDA:6,(anonymous_0)
FNDA:16,(anonymous_1)
FNDA:3,(anonymous_2)
DA:1,4
DA:5,4
DA:11,4
DA:12,4
DA:18,4
DA:19,6
DA:20,1
DA:23,6
DA:24,3
DA:27,3
DA:30,4
DA:31,16
DA:34,16
DA:35,0
DA:37,16
DA:38,3
DA:39,3
DA:42,13
LF:18
LH:17
BRDA:19,0,0,1
BRDA:19,0,1,5
BRDA:19,1,0,6
BRDA:19,1,1,2
BRDA:23,2,0,3
BRDA:23,2,1,3
BRDA:23,3,0,6
BRDA:23,3,1,4
BRDA:27,4,0,0
BRDA:27,4,1,3
BRDA:27,5,0,3
BRDA:27,5,1,1
BRDA:34,6,0,0
BRDA:34,6,1,16
BRDA:37,7,0,3
BRDA:37,7,1,13
BRF:16
BRH:14
end_of_record
TN:
SF:/Users/chucng/Documents/react-native/CalculatorProject/src/reducer.js
FN:6,(anonymous_0)
FNF:1
FNH:1
FNDA:7,(anonymous_0)
DA:2,1
DA:7,7
DA:9,4
DA:14,4
DA:15,4
DA:21,1
DA:28,1
DA:34,1
LF:8
LH:8
BRDA:6,0,0,5
BRDA:6,1,0,0
BRDA:7,2,0,4
BRDA:7,2,1,1
BRDA:7,2,2,1
BRDA:7,2,3,1
BRDA:18,3,0,4
BRDA:18,3,1,3
BRDA:25,4,0,1
BRDA:25,4,1,0
BRDA:25,4,2,0
BRF:11
BRH:8
end_of_record
TN:
SF:/Users/chucng/Documents/react-native/CalculatorProject/src/components/Button.js
FN:7,(anonymous_0)
FN:8,(anonymous_1)
FN:10,(anonymous_2)
FNF:3
FNH:1
FNDA:2,(anonymous_0)
FNDA:0,(anonymous_1)
FNDA:0,(anonymous_2)
DA:7,1
DA:8,2
DA:10,2
DA:12,2
DA:19,1
DA:22,1
LF:6
LH:6
BRF:0
BRH:0
end_of_record
TN:
SF:/Users/chucng/Documents/react-native/CalculatorProject/src/components/styles.js
FN:5,(anonymous_0)
FNF:1
FNH:1
FNDA:2,(anonymous_0)
DA:4,1
DA:5,2
LF:2
LH:2
BRF:0
BRH:0
end_of_record
