TN:
SF:/Users/chucng/Documents/react-native/CalculatorProject/src/constants.js
FN:26,(anonymous_0)
FN:33,(anonymous_1)
FN:41,(anonymous_2)
FNF:3
FNH:3
FNDA:2,(anonymous_0)
FNDA:14,(anonymous_1)
FNDA:3,(anonymous_2)
DA:1,2
DA:5,2
DA:19,2
DA:20,2
DA:26,2
DA:27,2
DA:28,0
DA:30,2
DA:33,2
DA:34,14
DA:37,14
DA:38,0
DA:40,14
DA:41,4
DA:42,3
DA:45,10
LF:16
LH:14
BRDA:27,0,0,0
BRDA:27,0,1,2
BRDA:27,1,0,2
BRDA:27,1,1,0
BRDA:37,2,0,0
BRDA:37,2,1,14
BRDA:40,3,0,4
BRDA:40,3,1,10
BRF:8
BRH:5
end_of_record
TN:
SF:/Users/chucng/Documents/react-native/CalculatorProject/src/reducer.js
FN:6,(anonymous_0)
FNF:1
FNH:1
FNDA:5,(anonymous_0)
DA:2,1
DA:7,5
DA:9,2
DA:10,2
DA:11,2
DA:17,1
DA:24,1
DA:30,1
LF:8
LH:8
BRDA:6,0,0,3
BRDA:6,1,0,0
BRDA:7,2,0,2
BRDA:7,2,1,1
BRDA:7,2,2,1
BRDA:7,2,3,1
BRDA:14,3,0,2
BRDA:14,3,1,0
BRDA:21,4,0,1
BRDA:21,4,1,0
BRDA:21,4,2,0
BRF:11
BRH:7
end_of_record
